============================================================
   Tang Dynasty, V5.6.71036
      Copyright (c) 2012-2023 Anlogic Inc.
   Executable = E:/Td_5.6.2/bin/td.exe
   Built at =   20:34:38 Mar 21 2023
   Run by =     hp
   Run Date =   Wed Oct 25 22:50:15 2023

   Run on =     LAPTOP-1GGKBRTU
============================================================
RUN-1001 : open_run phy_1.
RUN-1002 : start command "import_db E:/fpga_cxcy/final_2/final/td/prj/CortexM0_SOC_Runs/phy_1/CortexM0_SOC_pr.db"
RUN-1001 : Importing database generated by Tang Dynasty, V5.6.71036.
RUN-1001 : Database version number 46146.
RUN-1001 : Import flow parameters
PHY-1001 : Generate detailed routing grids ...
PHY-1001 : Processed IO instance Col[0]_syn_4 with INV attribute.
PHY-1001 : Generate nets ...
PHY-1001 : net QN_REF24MHz_dup_1 will be routed on clock mesh
PHY-1001 : clock net SWCLK_syn_4 will be merged with clock SWCLK_dup_1
PHY-1001 : net System_clk_dup_4 will be routed on clock mesh
PHY-1001 : clock net CLK_gen/clk0_out will be merged with clock CLK_gen/clk0_buf
PHY-1001 : clock net LED_Interface/light_clk_syn_4 will be merged with clock LED_Interface/light_clk
PHY-1001 : net kb/HCLK will be routed on clock mesh
PHY-1001 : clock net keyboard/scan_clk_syn_4 will be merged with clock keyboard/scan_clk
PHY-1001 : eco open net = 0
PHY-1001 : 104 feed throughs used by 85 nets
RUN-1001 : Import timing constraints
RUN-1001 : Import IO constraints
RUN-1001 : Import Inst constraints
RUN-1001 : Import design success TD_VERSION=5.6.71036 , DB_VERSION=46146
RUN-1003 : finish command "import_db E:/fpga_cxcy/final_2/final/td/prj/CortexM0_SOC_Runs/phy_1/CortexM0_SOC_pr.db" in  11.081366s wall, 10.937500s user + 0.250000s system = 11.187500s CPU (101.0%)

RUN-1004 : used memory is 688 MB, reserved memory is 652 MB, peak memory is 699 MB
RUN-1002 : start command "download -bit CortexM0_SOC_Runs\phy_1\CortexM0_SOC.bit -mode program_spi -v -spd 9 -sec 64 -cable 0 -flashsize 128"
PRG-2014 : Chip validation success: EAGLE_S20_BG256
PRG-1001 : SPI Flash ID is:  ef
RUN-1002 : start command "bit_to_vec -chip EAGLE_S20_BG256 -m program_spi -freq 12 -bit CortexM0_SOC_Runs/phy_1/CortexM0_SOC.bit"
RUN-1003 : finish command "bit_to_vec -chip EAGLE_S20_BG256 -m program_spi -freq 12 -bit CortexM0_SOC_Runs/phy_1/CortexM0_SOC.bit" in  1.860134s wall, 1.781250s user + 0.140625s system = 1.921875s CPU (103.3%)

RUN-1004 : used memory is 1054 MB, reserved memory is 1033 MB, peak memory is 1065 MB
RUN-1002 : start command "program_spi -cable 0 -spd 9"
RUN-1003 : finish command "program_spi -cable 0 -spd 9" in  107.745052s wall, 3.453125s user + 1.078125s system = 4.531250s CPU (4.2%)

RUN-1004 : used memory is 1053 MB, reserved memory is 1032 MB, peak memory is 1065 MB
RUN-1002 : start command "bit_to_vec -chip EAGLE_S20_BG256 -m verify_spi -freq 12 -bit CortexM0_SOC_Runs/phy_1/CortexM0_SOC.bit"
RUN-1002 : start command "program -cable 0 -spd 4"
RUN-1003 : finish command "program -cable 0 -spd 4" in  27.922512s wall, 0.250000s user + 0.250000s system = 0.500000s CPU (1.8%)

RUN-1004 : used memory is 845 MB, reserved memory is 815 MB, peak memory is 1065 MB
RUN-1003 : finish command "download -bit CortexM0_SOC_Runs\phy_1\CortexM0_SOC.bit -mode program_spi -v -spd 9 -sec 64 -cable 0 -flashsize 128" in  142.255599s wall, 7.125000s user + 1.593750s system = 8.718750s CPU (6.1%)

RUN-1004 : used memory is 845 MB, reserved memory is 815 MB, peak memory is 1065 MB
GUI-1001 : Downloading succeeded!
