============================================================
   Tang Dynasty, V5.6.71036
      Copyright (c) 2012-2023 Anlogic Inc.
   Executable = D:/TD/bin/td.exe
   Built at =   20:34:38 Mar 21 2023
   Run by =     POTATO
   Run Date =   Tue Nov  7 20:02:53 2023

   Run on =     LAPTOP-CEL0PSQP
============================================================
RUN-1001 : open_run phy_1.
RUN-1002 : start command "import_db C:/Users/POTATO/Desktop/Anlogic FPGA/final_2/final/td/prj/CortexM0_SOC_Runs/phy_1/CortexM0_SOC_pr.db"
RUN-1001 : Importing database generated by Tang Dynasty, V5.6.71036.
RUN-1001 : Database version number 46146.
RUN-1001 : Import flow parameters
PHY-1001 : Generate detailed routing grids ...
PHY-1001 : Processed IO instance Col[0]_syn_4 with INV attribute.
PHY-1001 : Generate nets ...
PHY-1001 : net QN_REF24MHz_dup_1 will be routed on clock mesh
PHY-1001 : clock net SWCLK_syn_4 will be merged with clock SWCLK_dup_1
PHY-1001 : net System_clk_dup_4 will be routed on clock mesh
PHY-1001 : clock net CLK_gen/clk0_out will be merged with clock CLK_gen/clk0_buf
PHY-1001 : clock net LED_Interface/light_clk_syn_4 will be merged with clock LED_Interface/light_clk
PHY-1001 : net kb/HCLK will be routed on clock mesh
PHY-1001 : clock net keyboard/scan_clk_syn_4 will be merged with clock keyboard/scan_clk
PHY-1001 : eco open net = 0
PHY-1001 : 117 feed throughs used by 93 nets
RUN-1001 : Import timing constraints
RUN-1001 : Import IO constraints
RUN-1001 : Import Inst constraints
RUN-1001 : Import design success TD_VERSION=5.6.71036 , DB_VERSION=46146
RUN-1003 : finish command "import_db C:/Users/POTATO/Desktop/Anlogic FPGA/final_2/final/td/prj/CortexM0_SOC_Runs/phy_1/CortexM0_SOC_pr.db" in  5.857241s wall, 5.437500s user + 0.171875s system = 5.609375s CPU (95.8%)

RUN-1004 : used memory is 667 MB, reserved memory is 649 MB, peak memory is 744 MB
RUN-1002 : start command "download -bit CortexM0_SOC_Runs\phy_1\CortexM0_SOC.bit -mode jtag -spd 7 -sec 64 -cable 0"
PRG-2014 : Chip validation success: EAGLE_S20_BG256
RUN-1002 : start command "bit_to_vec -chip EAGLE_S20_BG256 -m jtag_burst -freq 4 -bit CortexM0_SOC_Runs/phy_1/CortexM0_SOC.bit"
RUN-1002 : start command "program -cable 0 -mode svf -spd 7 -p"
RUN-1003 : finish command "program -cable 0 -mode svf -spd 7 -p" in  6.832418s wall, 0.015625s user + 0.093750s system = 0.109375s CPU (1.6%)

RUN-1004 : used memory is 702 MB, reserved memory is 677 MB, peak memory is 744 MB
RUN-1003 : finish command "download -bit CortexM0_SOC_Runs\phy_1\CortexM0_SOC.bit -mode jtag -spd 7 -sec 64 -cable 0" in  7.036535s wall, 0.093750s user + 0.093750s system = 0.187500s CPU (2.7%)

RUN-1004 : used memory is 702 MB, reserved memory is 677 MB, peak memory is 744 MB
GUI-1001 : Downloading succeeded!
RUN-1002 : start command "download -bit CortexM0_SOC_Runs\phy_1\CortexM0_SOC.bit -mode jtag -spd 9 -sec 64 -cable 0"
PRG-2014 : Chip validation success: EAGLE_S20_BG256
RUN-1002 : start command "bit_to_vec -chip EAGLE_S20_BG256 -m jtag_burst -freq 12 -bit CortexM0_SOC_Runs/phy_1/CortexM0_SOC.bit"
RUN-1002 : start command "program -cable 0 -mode svf -spd 9 -p"
RUN-1003 : finish command "program -cable 0 -mode svf -spd 9 -p" in  7.266871s wall, 0.109375s user + 0.031250s system = 0.140625s CPU (1.9%)

RUN-1004 : used memory is 707 MB, reserved memory is 678 MB, peak memory is 744 MB
RUN-1003 : finish command "download -bit CortexM0_SOC_Runs\phy_1\CortexM0_SOC.bit -mode jtag -spd 9 -sec 64 -cable 0" in  7.474315s wall, 0.187500s user + 0.031250s system = 0.218750s CPU (2.9%)

RUN-1004 : used memory is 707 MB, reserved memory is 678 MB, peak memory is 744 MB
GUI-1001 : Downloading succeeded!
