============================================================
   Tang Dynasty, V5.6.71036
      Copyright (c) 2012-2023 Anlogic Inc.
   Executable = D:/TD/bin/td.exe
   Built at =   20:34:38 Mar 21 2023
   Run by =     POTATO
   Run Date =   Tue Nov  7 17:11:43 2023

   Run on =     LAPTOP-CEL0PSQP
============================================================
RUN-1001 : open_run phy_1.
RUN-1002 : start command "import_db C:/Users/POTATO/Desktop/Anlogic FPGA/final_2/final/td/prj/CortexM0_SOC_Runs/phy_1/CortexM0_SOC_pr.db"
RUN-1001 : Importing database generated by Tang Dynasty, V5.6.71036.
RUN-1001 : Database version number 46146.
RUN-1001 : Import flow parameters
PHY-1001 : Generate detailed routing grids ...
PHY-1001 : Processed IO instance Col[0]_syn_4 with INV attribute.
PHY-1001 : Generate nets ...
PHY-1001 : net QN_REF24MHz_dup_1 will be routed on clock mesh
PHY-1001 : clock net SWCLK_syn_4 will be merged with clock SWCLK_dup_1
PHY-1001 : net System_clk_dup_4 will be routed on clock mesh
PHY-1001 : clock net CLK_gen/clk0_out will be merged with clock CLK_gen/clk0_buf
PHY-1001 : clock net LED_Interface/light_clk_syn_4 will be merged with clock LED_Interface/light_clk
PHY-1001 : net kb/HCLK will be routed on clock mesh
PHY-1001 : clock net keyboard/scan_clk_syn_4 will be merged with clock keyboard/scan_clk
PHY-1001 : eco open net = 0
PHY-1001 : 117 feed throughs used by 93 nets
RUN-1001 : Import timing constraints
RUN-1001 : Import IO constraints
RUN-1001 : Import Inst constraints
RUN-1001 : Import design success TD_VERSION=5.6.71036 , DB_VERSION=46146
RUN-1003 : finish command "import_db C:/Users/POTATO/Desktop/Anlogic FPGA/final_2/final/td/prj/CortexM0_SOC_Runs/phy_1/CortexM0_SOC_pr.db" in  5.646754s wall, 5.546875s user + 0.156250s system = 5.703125s CPU (101.0%)

RUN-1004 : used memory is 667 MB, reserved memory is 646 MB, peak memory is 744 MB
RUN-1002 : start command "download -bit CortexM0_SOC_Runs\phy_1\CortexM0_SOC.bit -mode jtag -spd 9 -sec 64 -cable 0"
PRG-2014 : Chip validation success: EAGLE_S20_BG256
RUN-1002 : start command "bit_to_vec -chip EAGLE_S20_BG256 -m jtag_burst -freq 12 -bit CortexM0_SOC_Runs/phy_1/CortexM0_SOC.bit"
RUN-1002 : start command "program -cable 0 -mode svf -spd 9 -p"
RUN-1003 : finish command "program -cable 0 -mode svf -spd 9 -p" in  7.263235s wall, 0.062500s user + 0.078125s system = 0.140625s CPU (1.9%)

RUN-1004 : used memory is 702 MB, reserved memory is 685 MB, peak memory is 744 MB
RUN-1003 : finish command "download -bit CortexM0_SOC_Runs\phy_1\CortexM0_SOC.bit -mode jtag -spd 9 -sec 64 -cable 0" in  7.474717s wall, 0.125000s user + 0.078125s system = 0.203125s CPU (2.7%)

RUN-1004 : used memory is 703 MB, reserved memory is 685 MB, peak memory is 744 MB
GUI-1001 : Downloading succeeded!
RUN-1002 : start command "download -bit CortexM0_SOC_Runs\phy_1\CortexM0_SOC.bit -mode program_spi -v -spd 9 -sec 64 -cable 0 -flashsize 128"
PRG-2014 : Chip validation success: EAGLE_S20_BG256
PRG-1001 : SPI Flash ID is:  ef
RUN-1002 : start command "bit_to_vec -chip EAGLE_S20_BG256 -m program_spi -freq 12 -bit CortexM0_SOC_Runs/phy_1/CortexM0_SOC.bit"
RUN-1003 : finish command "bit_to_vec -chip EAGLE_S20_BG256 -m program_spi -freq 12 -bit CortexM0_SOC_Runs/phy_1/CortexM0_SOC.bit" in  1.089519s wall, 1.031250s user + 0.046875s system = 1.078125s CPU (99.0%)

RUN-1004 : used memory is 1050 MB, reserved memory is 1040 MB, peak memory is 1061 MB
RUN-1002 : start command "program_spi -cable 0 -spd 9"
RUN-1003 : finish command "program_spi -cable 0 -spd 9" in  96.736485s wall, 0.656250s user + 0.500000s system = 1.156250s CPU (1.2%)

RUN-1004 : used memory is 1049 MB, reserved memory is 1039 MB, peak memory is 1061 MB
RUN-1002 : start command "bit_to_vec -chip EAGLE_S20_BG256 -m verify_spi -freq 12 -bit CortexM0_SOC_Runs/phy_1/CortexM0_SOC.bit"
RUN-1002 : start command "program -cable 0 -spd 4"
RUN-1003 : finish command "program -cable 0 -spd 4" in  27.628339s wall, 0.062500s user + 0.281250s system = 0.343750s CPU (1.2%)

RUN-1004 : used memory is 841 MB, reserved memory is 821 MB, peak memory is 1061 MB
RUN-1003 : finish command "download -bit CortexM0_SOC_Runs\phy_1\CortexM0_SOC.bit -mode program_spi -v -spd 9 -sec 64 -cable 0 -flashsize 128" in  129.918746s wall, 3.171875s user + 0.843750s system = 4.015625s CPU (3.1%)

RUN-1004 : used memory is 841 MB, reserved memory is 821 MB, peak memory is 1061 MB
GUI-1001 : Downloading succeeded!
RUN-1002 : start command "download -bit CortexM0_SOC_Runs\phy_1\CortexM0_SOC.bit -mode jtag -spd 7 -sec 64 -cable 0"
PRG-2014 : Chip validation success: EAGLE_S20_BG256
RUN-1002 : start command "bit_to_vec -chip EAGLE_S20_BG256 -m jtag_burst -freq 4 -bit CortexM0_SOC_Runs/phy_1/CortexM0_SOC.bit"
RUN-1002 : start command "program -cable 0 -mode svf -spd 7 -p"
RUN-1003 : finish command "program -cable 0 -mode svf -spd 7 -p" in  6.801126s wall, 0.046875s user + 0.046875s system = 0.093750s CPU (1.4%)

RUN-1004 : used memory is 143 MB, reserved memory is 838 MB, peak memory is 1061 MB
RUN-1003 : finish command "download -bit CortexM0_SOC_Runs\phy_1\CortexM0_SOC.bit -mode jtag -spd 7 -sec 64 -cable 0" in  7.016179s wall, 0.125000s user + 0.062500s system = 0.187500s CPU (2.7%)

RUN-1004 : used memory is 143 MB, reserved memory is 838 MB, peak memory is 1061 MB
GUI-1001 : Downloading succeeded!
RUN-1002 : start command "download -bit CortexM0_SOC_Runs\phy_1\CortexM0_SOC.bit -mode jtag -spd 7 -sec 64 -cable 0"
PRG-2014 : Chip validation success: EAGLE_S20_BG256
RUN-1002 : start command "bit_to_vec -chip EAGLE_S20_BG256 -m jtag_burst -freq 4 -bit CortexM0_SOC_Runs/phy_1/CortexM0_SOC.bit"
RUN-1002 : start command "program -cable 0 -mode svf -spd 7 -p"
RUN-1003 : finish command "program -cable 0 -mode svf -spd 7 -p" in  6.864104s wall, 1.234375s user + 0.062500s system = 1.296875s CPU (18.9%)

RUN-1004 : used memory is 147 MB, reserved memory is 839 MB, peak memory is 1061 MB
RUN-1003 : finish command "download -bit CortexM0_SOC_Runs\phy_1\CortexM0_SOC.bit -mode jtag -spd 7 -sec 64 -cable 0" in  7.065825s wall, 1.359375s user + 0.062500s system = 1.421875s CPU (20.1%)

RUN-1004 : used memory is 147 MB, reserved memory is 839 MB, peak memory is 1061 MB
GUI-1001 : Downloading succeeded!
RUN-1002 : start command "download -bit CortexM0_SOC_Runs\phy_1\CortexM0_SOC.bit -mode jtag -spd 9 -sec 64 -cable 0"
PRG-2014 : Chip validation success: EAGLE_S20_BG256
RUN-1002 : start command "bit_to_vec -chip EAGLE_S20_BG256 -m jtag_burst -freq 12 -bit CortexM0_SOC_Runs/phy_1/CortexM0_SOC.bit"
RUN-1002 : start command "program -cable 0 -mode svf -spd 9 -p"
RUN-1003 : finish command "program -cable 0 -mode svf -spd 9 -p" in  7.244758s wall, 0.031250s user + 0.015625s system = 0.046875s CPU (0.6%)

RUN-1004 : used memory is 148 MB, reserved memory is 840 MB, peak memory is 1061 MB
RUN-1003 : finish command "download -bit CortexM0_SOC_Runs\phy_1\CortexM0_SOC.bit -mode jtag -spd 9 -sec 64 -cable 0" in  7.449590s wall, 0.093750s user + 0.015625s system = 0.109375s CPU (1.5%)

RUN-1004 : used memory is 148 MB, reserved memory is 840 MB, peak memory is 1061 MB
GUI-1001 : Downloading succeeded!
